TN:
SF:lib\notificationParser.ts
FN:76,parseNotification
FN:105,parseAmountString
FN:158,extractAmount
FN:169,extractDescription
FN:181,(anonymous_4)
FN:194,extractContextAround
FN:209,extractReference
FN:219,extractCardDigits
FN:229,detectTransactionType
FN:247,isLikelyBankNotification
FN:265,(anonymous_10)
FN:277,(anonymous_11)
FN:278,(anonymous_12)
FN:283,getBankName
FNF:14
FNH:14
FNDA:18,parseNotification
FNDA:44,parseAmountString
FNDA:18,extractAmount
FNDA:18,extractDescription
FNDA:60,(anonymous_4)
FNDA:7,extractContextAround
FNDA:18,extractReference
FNDA:18,extractCardDigits
FNDA:18,detectTransactionType
FNDA:5,isLikelyBankNotification
FNDA:45,(anonymous_10)
FNDA:9,(anonymous_11)
FNDA:31,(anonymous_12)
FNDA:4,getBankName
DA:13,1
DA:22,1
DA:29,1
DA:36,1
DA:65,1
DA:76,1
DA:77,18
DA:78,18
DA:80,18
DA:81,18
DA:83,18
DA:84,18
DA:86,18
DA:87,18
DA:89,18
DA:90,18
DA:92,18
DA:93,18
DA:95,18
DA:105,1
DA:106,44
DA:107,44
DA:109,42
DA:110,42
DA:114,42
DA:116,15
DA:117,15
DA:118,15
DA:120,9
DA:123,6
DA:125,27
DA:127,4
DA:128,23
DA:130,0
DA:131,23
DA:132,16
DA:133,16
DA:135,13
DA:138,3
DA:140,7
DA:141,4
DA:142,4
DA:144,1
DA:147,3
DA:151,3
DA:154,42
DA:155,42
DA:159,18
DA:160,30
DA:161,30
DA:162,16
DA:163,16
DA:166,2
DA:170,18
DA:172,18
DA:173,104
DA:174,7
DA:175,7
DA:179,11
DA:180,11
DA:182,60
DA:187,11
DA:188,11
DA:191,0
DA:195,7
DA:196,7
DA:198,7
DA:200,7
DA:201,7
DA:203,7
DA:204,7
DA:206,7
DA:210,18
DA:211,66
DA:212,66
DA:213,2
DA:216,16
DA:220,18
DA:221,50
DA:222,50
DA:223,3
DA:226,15
DA:230,18
DA:232,18
DA:233,34
DA:234,168
DA:235,15
DA:240,3
DA:241,0
DA:244,3
DA:247,1
DA:248,5
DA:265,45
DA:266,2
DA:269,3
DA:271,3
DA:277,9
DA:278,31
DA:280,3
DA:283,1
DA:284,4
DA:300,4
DA:302,4
DA:303,21
DA:304,3
DA:308,1
LF:106
LH:103
BRDA:81,0,0,16
BRDA:84,1,0,18
BRDA:87,2,0,2
BRDA:90,3,0,3
BRDA:93,4,0,15
BRDA:107,5,0,2
BRDA:107,6,0,44
BRDA:107,6,1,43
BRDA:109,7,0,42
BRDA:109,7,1,7
BRDA:110,8,0,42
BRDA:110,8,1,23
BRDA:114,9,0,15
BRDA:114,9,1,27
BRDA:114,10,0,42
BRDA:114,10,1,35
BRDA:118,11,0,9
BRDA:118,11,1,6
BRDA:125,12,0,4
BRDA:125,12,1,23
BRDA:128,13,0,0
BRDA:128,13,1,23
BRDA:131,14,0,16
BRDA:131,14,1,7
BRDA:131,15,0,23
BRDA:131,15,1,16
BRDA:132,16,0,16
BRDA:132,16,1,0
BRDA:133,17,0,13
BRDA:133,17,1,3
BRDA:140,18,0,4
BRDA:140,18,1,3
BRDA:140,19,0,7
BRDA:140,19,1,4
BRDA:141,20,0,4
BRDA:141,20,1,0
BRDA:142,21,0,1
BRDA:142,21,1,3
BRDA:155,22,0,1
BRDA:155,22,1,41
BRDA:155,23,0,42
BRDA:155,23,1,42
BRDA:161,24,0,16
BRDA:163,25,0,16
BRDA:173,26,0,7
BRDA:175,27,0,7
BRDA:175,27,1,0
BRDA:182,28,0,60
BRDA:182,28,1,48
BRDA:182,28,2,47
BRDA:187,29,0,11
BRDA:194,30,0,7
BRDA:198,31,0,0
BRDA:212,32,0,2
BRDA:212,33,0,66
BRDA:212,33,1,2
BRDA:222,34,0,3
BRDA:222,35,0,50
BRDA:222,35,1,3
BRDA:234,36,0,15
BRDA:240,37,0,0
BRDA:240,38,0,3
BRDA:240,38,1,3
BRDA:265,39,0,2
BRDA:280,40,0,3
BRDA:280,40,1,2
BRDA:303,41,0,3
BRF:67
BRH:61
end_of_record
TN:
SF:lib\projectPricing.ts
FN:83,roundTo
FN:88,calcularPrecio
FN:187,resolveConfig
FNF:3
FNH:3
FNDA:26,roundTo
FNDA:26,calcularPrecio
FNDA:4,resolveConfig
DA:2,1
DA:9,1
DA:84,26
DA:85,1
DA:88,1
DA:92,26
DA:94,26
DA:97,26
DA:101,26
DA:108,26
DA:113,26
DA:118,26
DA:123,26
DA:126,26
DA:129,26
DA:130,26
DA:131,26
DA:134,26
DA:135,26
DA:138,26
DA:141,26
DA:142,26
DA:143,26
DA:144,26
DA:145,26
DA:146,26
DA:148,26
DA:151,26
DA:152,26
DA:155,26
DA:156,26
DA:158,26
DA:187,1
DA:191,4
DA:192,3
DA:193,3
DA:194,4
DA:195,3
DA:198,3
LF:39
LH:39
BRDA:84,0,0,25
BRDA:94,1,0,26
BRDA:94,1,1,0
BRDA:97,2,0,4
BRDA:97,2,1,22
BRDA:101,3,0,4
BRDA:101,3,1,22
BRDA:102,4,0,4
BRDA:102,4,1,22
BRDA:103,5,0,3
BRDA:103,5,1,23
BRDA:104,6,0,4
BRDA:104,6,1,22
BRDA:108,7,0,26
BRDA:108,7,1,0
BRDA:113,8,0,26
BRDA:113,8,1,0
BRDA:118,9,0,26
BRDA:118,9,1,0
BRDA:126,10,0,26
BRDA:126,10,1,0
BRDA:141,11,0,6
BRDA:141,11,1,20
BRDA:142,12,0,4
BRDA:142,12,1,22
BRDA:143,13,0,4
BRDA:143,13,1,22
BRDA:144,14,0,4
BRDA:144,14,1,22
BRDA:145,15,0,3
BRDA:145,15,1,23
BRDA:146,16,0,4
BRDA:146,16,1,22
BRDA:156,17,0,25
BRDA:156,17,1,1
BRDA:160,18,0,26
BRDA:160,18,1,0
BRDA:191,19,0,1
BRDA:194,20,0,3
BRDA:194,21,0,4
BRDA:194,21,1,3
BRF:41
BRH:35
end_of_record
